Determining if the pthread_create exist failed with the following output:
Change Dir: /home/mtrx5700/Documents/University/MTRX5700/MTRX5700_Ass_3/build/catkin_tools_prebuild/CMakeFiles/CMakeTmp

Run Build Command:"/usr/bin/make" "cmTC_40594/fast"
/usr/bin/make -f CMakeFiles/cmTC_40594.dir/build.make CMakeFiles/cmTC_40594.dir/build
make[1]: Entering directory '/home/mtrx5700/Documents/University/MTRX5700/MTRX5700_Ass_3/build/catkin_tools_prebuild/CMakeFiles/CMakeTmp'
Building C object CMakeFiles/cmTC_40594.dir/CheckSymbolExists.c.o
/usr/bin/cc    -o CMakeFiles/cmTC_40594.dir/CheckSymbolExists.c.o   -c /home/mtrx5700/Documents/University/MTRX5700/MTRX5700_Ass_3/build/catkin_tools_prebuild/CMakeFiles/CMakeTmp/CheckSymbolExists.c
Linking C executable cmTC_40594
/usr/bin/cmake -E cmake_link_script CMakeFiles/cmTC_40594.dir/link.txt --verbose=1
/usr/bin/cc      -rdynamic CMakeFiles/cmTC_40594.dir/CheckSymbolExists.c.o  -o cmTC_40594 
CMakeFiles/cmTC_40594.dir/CheckSymbolExists.c.o: In function `main':
CheckSymbolExists.c:(.text+0x1b): undefined reference to `pthread_create'
collect2: error: ld returned 1 exit status
CMakeFiles/cmTC_40594.dir/build.make:97: recipe for target 'cmTC_40594' failed
make[1]: *** [cmTC_40594] Error 1
make[1]: Leaving directory '/home/mtrx5700/Documents/University/MTRX5700/MTRX5700_Ass_3/build/catkin_tools_prebuild/CMakeFiles/CMakeTmp'
Makefile:126: recipe for target 'cmTC_40594/fast' failed
make: *** [cmTC_40594/fast] Error 2

File /home/mtrx5700/Documents/University/MTRX5700/MTRX5700_Ass_3/build/catkin_tools_prebuild/CMakeFiles/CMakeTmp/CheckSymbolExists.c:
/* */
#include <pthread.h>

int main(int argc, char** argv)
{
  (void)argv;
#ifndef pthread_create
  return ((int*)(&pthread_create))[argc];
#else
  (void)argc;
  return 0;
#endif
}

Determining if the function pthread_create exists in the pthreads failed with the following output:
Change Dir: /home/mtrx5700/Documents/University/MTRX5700/MTRX5700_Ass_3/build/catkin_tools_prebuild/CMakeFiles/CMakeTmp

Run Build Command:"/usr/bin/make" "cmTC_514a1/fast"
/usr/bin/make -f CMakeFiles/cmTC_514a1.dir/build.make CMakeFiles/cmTC_514a1.dir/build
make[1]: Entering directory '/home/mtrx5700/Documents/University/MTRX5700/MTRX5700_Ass_3/build/catkin_tools_prebuild/CMakeFiles/CMakeTmp'
Building C object CMakeFiles/cmTC_514a1.dir/CheckFunctionExists.c.o
/usr/bin/cc   -DCHECK_FUNCTION_EXISTS=pthread_create   -o CMakeFiles/cmTC_514a1.dir/CheckFunctionExists.c.o   -c /usr/share/cmake-3.10/Modules/CheckFunctionExists.c
Linking C executable cmTC_514a1
/usr/bin/cmake -E cmake_link_script CMakeFiles/cmTC_514a1.dir/link.txt --verbose=1
/usr/bin/cc  -DCHECK_FUNCTION_EXISTS=pthread_create    -rdynamic CMakeFiles/cmTC_514a1.dir/CheckFunctionExists.c.o  -o cmTC_514a1 -lpthreads 
/usr/bin/ld: cannot find -lpthreads
collect2: error: ld returned 1 exit status
CMakeFiles/cmTC_514a1.dir/build.make:97: recipe for target 'cmTC_514a1' failed
make[1]: *** [cmTC_514a1] Error 1
make[1]: Leaving directory '/home/mtrx5700/Documents/University/MTRX5700/MTRX5700_Ass_3/build/catkin_tools_prebuild/CMakeFiles/CMakeTmp'
Makefile:126: recipe for target 'cmTC_514a1/fast' failed
make: *** [cmTC_514a1/fast] Error 2


