Linked: (/home/mtrx5700/Desktop/MTRX5700/MTRX5700_Ass_3/devel/.private/landmarks_msg/lib/pkgconfig/landmarks_msg.pc, /home/mtrx5700/Desktop/MTRX5700/MTRX5700_Ass_3/devel/lib/pkgconfig/landmarks_msg.pc)
Linked: (/home/mtrx5700/Desktop/MTRX5700/MTRX5700_Ass_3/devel/.private/landmarks_msg/lib/python2.7/dist-packages/landmarks_msg/__init__.py, /home/mtrx5700/Desktop/MTRX5700/MTRX5700_Ass_3/devel/lib/python2.7/dist-packages/landmarks_msg/__init__.py)
Linked: (/home/mtrx5700/Desktop/MTRX5700/MTRX5700_Ass_3/devel/.private/landmarks_msg/lib/python2.7/dist-packages/landmarks_msg/msg/_Landmark_Msg.py, /home/mtrx5700/Desktop/MTRX5700/MTRX5700_Ass_3/devel/lib/python2.7/dist-packages/landmarks_msg/msg/_Landmark_Msg.py)
Linked: (/home/mtrx5700/Desktop/MTRX5700/MTRX5700_Ass_3/devel/.private/landmarks_msg/lib/python2.7/dist-packages/landmarks_msg/msg/__init__.py, /home/mtrx5700/Desktop/MTRX5700/MTRX5700_Ass_3/devel/lib/python2.7/dist-packages/landmarks_msg/msg/__init__.py)
Linked: (/home/mtrx5700/Desktop/MTRX5700/MTRX5700_Ass_3/devel/.private/landmarks_msg/lib/python2.7/dist-packages/landmarks_msg/msg/_Landmarks_Msg.py, /home/mtrx5700/Desktop/MTRX5700/MTRX5700_Ass_3/devel/lib/python2.7/dist-packages/landmarks_msg/msg/_Landmarks_Msg.py)
Linked: (/home/mtrx5700/Desktop/MTRX5700/MTRX5700_Ass_3/devel/.private/landmarks_msg/include/landmarks_msg/Landmarks_Msg.h, /home/mtrx5700/Desktop/MTRX5700/MTRX5700_Ass_3/devel/include/landmarks_msg/Landmarks_Msg.h)
Linked: (/home/mtrx5700/Desktop/MTRX5700/MTRX5700_Ass_3/devel/.private/landmarks_msg/include/landmarks_msg/Landmark_Msg.h, /home/mtrx5700/Desktop/MTRX5700/MTRX5700_Ass_3/devel/include/landmarks_msg/Landmark_Msg.h)
Linked: (/home/mtrx5700/Desktop/MTRX5700/MTRX5700_Ass_3/devel/.private/landmarks_msg/share/roseus/ros/landmarks_msg/manifest.l, /home/mtrx5700/Desktop/MTRX5700/MTRX5700_Ass_3/devel/share/roseus/ros/landmarks_msg/manifest.l)
Linked: (/home/mtrx5700/Desktop/MTRX5700/MTRX5700_Ass_3/devel/.private/landmarks_msg/share/roseus/ros/landmarks_msg/msg/Landmark_Msg.l, /home/mtrx5700/Desktop/MTRX5700/MTRX5700_Ass_3/devel/share/roseus/ros/landmarks_msg/msg/Landmark_Msg.l)
Linked: (/home/mtrx5700/Desktop/MTRX5700/MTRX5700_Ass_3/devel/.private/landmarks_msg/share/roseus/ros/landmarks_msg/msg/Landmarks_Msg.l, /home/mtrx5700/Desktop/MTRX5700/MTRX5700_Ass_3/devel/share/roseus/ros/landmarks_msg/msg/Landmarks_Msg.l)
Linked: (/home/mtrx5700/Desktop/MTRX5700/MTRX5700_Ass_3/devel/.private/landmarks_msg/share/gennodejs/ros/landmarks_msg/_index.js, /home/mtrx5700/Desktop/MTRX5700/MTRX5700_Ass_3/devel/share/gennodejs/ros/landmarks_msg/_index.js)
Linked: (/home/mtrx5700/Desktop/MTRX5700/MTRX5700_Ass_3/devel/.private/landmarks_msg/share/gennodejs/ros/landmarks_msg/msg/_index.js, /home/mtrx5700/Desktop/MTRX5700/MTRX5700_Ass_3/devel/share/gennodejs/ros/landmarks_msg/msg/_index.js)
Linked: (/home/mtrx5700/Desktop/MTRX5700/MTRX5700_Ass_3/devel/.private/landmarks_msg/share/gennodejs/ros/landmarks_msg/msg/Landmarks_Msg.js, /home/mtrx5700/Desktop/MTRX5700/MTRX5700_Ass_3/devel/share/gennodejs/ros/landmarks_msg/msg/Landmarks_Msg.js)
Linked: (/home/mtrx5700/Desktop/MTRX5700/MTRX5700_Ass_3/devel/.private/landmarks_msg/share/gennodejs/ros/landmarks_msg/msg/Landmark_Msg.js, /home/mtrx5700/Desktop/MTRX5700/MTRX5700_Ass_3/devel/share/gennodejs/ros/landmarks_msg/msg/Landmark_Msg.js)
Linked: (/home/mtrx5700/Desktop/MTRX5700/MTRX5700_Ass_3/devel/.private/landmarks_msg/share/common-lisp/ros/landmarks_msg/msg/Landmarks_Msg.lisp, /home/mtrx5700/Desktop/MTRX5700/MTRX5700_Ass_3/devel/share/common-lisp/ros/landmarks_msg/msg/Landmarks_Msg.lisp)
Linked: (/home/mtrx5700/Desktop/MTRX5700/MTRX5700_Ass_3/devel/.private/landmarks_msg/share/common-lisp/ros/landmarks_msg/msg/_package.lisp, /home/mtrx5700/Desktop/MTRX5700/MTRX5700_Ass_3/devel/share/common-lisp/ros/landmarks_msg/msg/_package.lisp)
Linked: (/home/mtrx5700/Desktop/MTRX5700/MTRX5700_Ass_3/devel/.private/landmarks_msg/share/common-lisp/ros/landmarks_msg/msg/Landmark_Msg.lisp, /home/mtrx5700/Desktop/MTRX5700/MTRX5700_Ass_3/devel/share/common-lisp/ros/landmarks_msg/msg/Landmark_Msg.lisp)
Linked: (/home/mtrx5700/Desktop/MTRX5700/MTRX5700_Ass_3/devel/.private/landmarks_msg/share/common-lisp/ros/landmarks_msg/msg/landmarks_msg-msg.asd, /home/mtrx5700/Desktop/MTRX5700/MTRX5700_Ass_3/devel/share/common-lisp/ros/landmarks_msg/msg/landmarks_msg-msg.asd)
Linked: (/home/mtrx5700/Desktop/MTRX5700/MTRX5700_Ass_3/devel/.private/landmarks_msg/share/common-lisp/ros/landmarks_msg/msg/_package_Landmark_Msg.lisp, /home/mtrx5700/Desktop/MTRX5700/MTRX5700_Ass_3/devel/share/common-lisp/ros/landmarks_msg/msg/_package_Landmark_Msg.lisp)
Linked: (/home/mtrx5700/Desktop/MTRX5700/MTRX5700_Ass_3/devel/.private/landmarks_msg/share/common-lisp/ros/landmarks_msg/msg/_package_Landmarks_Msg.lisp, /home/mtrx5700/Desktop/MTRX5700/MTRX5700_Ass_3/devel/share/common-lisp/ros/landmarks_msg/msg/_package_Landmarks_Msg.lisp)
Linked: (/home/mtrx5700/Desktop/MTRX5700/MTRX5700_Ass_3/devel/.private/landmarks_msg/share/landmarks_msg/cmake/landmarks_msgConfig-version.cmake, /home/mtrx5700/Desktop/MTRX5700/MTRX5700_Ass_3/devel/share/landmarks_msg/cmake/landmarks_msgConfig-version.cmake)
Linked: (/home/mtrx5700/Desktop/MTRX5700/MTRX5700_Ass_3/devel/.private/landmarks_msg/share/landmarks_msg/cmake/landmarks_msg-msg-paths.cmake, /home/mtrx5700/Desktop/MTRX5700/MTRX5700_Ass_3/devel/share/landmarks_msg/cmake/landmarks_msg-msg-paths.cmake)
Linked: (/home/mtrx5700/Desktop/MTRX5700/MTRX5700_Ass_3/devel/.private/landmarks_msg/share/landmarks_msg/cmake/landmarks_msgConfig.cmake, /home/mtrx5700/Desktop/MTRX5700/MTRX5700_Ass_3/devel/share/landmarks_msg/cmake/landmarks_msgConfig.cmake)
Linked: (/home/mtrx5700/Desktop/MTRX5700/MTRX5700_Ass_3/devel/.private/landmarks_msg/share/landmarks_msg/cmake/landmarks_msg-msg-extras.cmake, /home/mtrx5700/Desktop/MTRX5700/MTRX5700_Ass_3/devel/share/landmarks_msg/cmake/landmarks_msg-msg-extras.cmake)
