[35m[1mScanning dependencies of target _landmarks_msg_generate_messages_check_deps_Landmarks_Msg[0m
[  0%] Built target _landmarks_msg_generate_messages_check_deps_Landmarks_Msg
[35m[1mScanning dependencies of target _landmarks_msg_generate_messages_check_deps_Landmark_Msg[0m
[  0%] Built target _landmarks_msg_generate_messages_check_deps_Landmark_Msg
[35m[1mScanning dependencies of target std_msgs_generate_messages_lisp[0m
[  0%] Built target std_msgs_generate_messages_lisp
[35m[1mScanning dependencies of target std_msgs_generate_messages_py[0m
[  0%] Built target std_msgs_generate_messages_py
[35m[1mScanning dependencies of target std_msgs_generate_messages_nodejs[0m
[  0%] Built target std_msgs_generate_messages_nodejs
[35m[1mScanning dependencies of target std_msgs_generate_messages_eus[0m
[  0%] Built target std_msgs_generate_messages_eus
[35m[1mScanning dependencies of target std_msgs_generate_messages_cpp[0m
[  0%] Built target std_msgs_generate_messages_cpp
[35m[1mScanning dependencies of target landmarks_msg_generate_messages_lisp[0m
[  8%] [34m[1mGenerating Lisp code from landmarks_msg/Landmark_Msg.msg[0m
[ 16%] [34m[1mGenerating Lisp code from landmarks_msg/Landmarks_Msg.msg[0m
[ 16%] Built target landmarks_msg_generate_messages_lisp
[35m[1mScanning dependencies of target landmarks_msg_generate_messages_py[0m
[ 25%] [34m[1mGenerating Python from MSG landmarks_msg/Landmark_Msg[0m
[ 33%] [34m[1mGenerating Python from MSG landmarks_msg/Landmarks_Msg[0m
[ 41%] [34m[1mGenerating Python msg __init__.py for landmarks_msg[0m
[ 41%] Built target landmarks_msg_generate_messages_py
[35m[1mScanning dependencies of target landmarks_msg_generate_messages_nodejs[0m
[ 50%] [34m[1mGenerating Javascript code from landmarks_msg/Landmark_Msg.msg[0m
[ 58%] [34m[1mGenerating Javascript code from landmarks_msg/Landmarks_Msg.msg[0m
[ 58%] Built target landmarks_msg_generate_messages_nodejs
[35m[1mScanning dependencies of target landmarks_msg_generate_messages_eus[0m
[ 66%] [34m[1mGenerating EusLisp code from landmarks_msg/Landmark_Msg.msg[0m
[ 75%] [34m[1mGenerating EusLisp code from landmarks_msg/Landmarks_Msg.msg[0m
[ 83%] [34m[1mGenerating EusLisp manifest code for landmarks_msg[0m
[ 83%] Built target landmarks_msg_generate_messages_eus
[35m[1mScanning dependencies of target landmarks_msg_generate_messages_cpp[0m
[ 91%] [34m[1mGenerating C++ code from landmarks_msg/Landmark_Msg.msg[0m
[100%] [34m[1mGenerating C++ code from landmarks_msg/Landmarks_Msg.msg[0m
[100%] Built target landmarks_msg_generate_messages_cpp
[35m[1mScanning dependencies of target landmarks_msg_generate_messages[0m
[100%] Built target landmarks_msg_generate_messages
