Symlinking /home/mtrx5700/Documents/University/MTRX5700/MTRX5700_Ass_3/devel/lib/pkgconfig/landmarks_msg.pc
Symlinking /home/mtrx5700/Documents/University/MTRX5700/MTRX5700_Ass_3/devel/lib/python2.7/dist-packages/landmarks_msg/__init__.py
Symlinking /home/mtrx5700/Documents/University/MTRX5700/MTRX5700_Ass_3/devel/lib/python2.7/dist-packages/landmarks_msg/msg/_Landmark_Msg.py
Symlinking /home/mtrx5700/Documents/University/MTRX5700/MTRX5700_Ass_3/devel/lib/python2.7/dist-packages/landmarks_msg/msg/__init__.py
Symlinking /home/mtrx5700/Documents/University/MTRX5700/MTRX5700_Ass_3/devel/lib/python2.7/dist-packages/landmarks_msg/msg/_Landmarks_Msg.py
Symlinking /home/mtrx5700/Documents/University/MTRX5700/MTRX5700_Ass_3/devel/include/landmarks_msg/Landmarks_Msg.h
Symlinking /home/mtrx5700/Documents/University/MTRX5700/MTRX5700_Ass_3/devel/include/landmarks_msg/Landmark_Msg.h
Symlinking /home/mtrx5700/Documents/University/MTRX5700/MTRX5700_Ass_3/devel/share/roseus/ros/landmarks_msg/manifest.l
Symlinking /home/mtrx5700/Documents/University/MTRX5700/MTRX5700_Ass_3/devel/share/roseus/ros/landmarks_msg/msg/Landmark_Msg.l
Symlinking /home/mtrx5700/Documents/University/MTRX5700/MTRX5700_Ass_3/devel/share/roseus/ros/landmarks_msg/msg/Landmarks_Msg.l
Symlinking /home/mtrx5700/Documents/University/MTRX5700/MTRX5700_Ass_3/devel/share/gennodejs/ros/landmarks_msg/_index.js
Symlinking /home/mtrx5700/Documents/University/MTRX5700/MTRX5700_Ass_3/devel/share/gennodejs/ros/landmarks_msg/msg/_index.js
Symlinking /home/mtrx5700/Documents/University/MTRX5700/MTRX5700_Ass_3/devel/share/gennodejs/ros/landmarks_msg/msg/Landmarks_Msg.js
Symlinking /home/mtrx5700/Documents/University/MTRX5700/MTRX5700_Ass_3/devel/share/gennodejs/ros/landmarks_msg/msg/Landmark_Msg.js
Symlinking /home/mtrx5700/Documents/University/MTRX5700/MTRX5700_Ass_3/devel/share/common-lisp/ros/landmarks_msg/msg/Landmarks_Msg.lisp
Symlinking /home/mtrx5700/Documents/University/MTRX5700/MTRX5700_Ass_3/devel/share/common-lisp/ros/landmarks_msg/msg/_package.lisp
Symlinking /home/mtrx5700/Documents/University/MTRX5700/MTRX5700_Ass_3/devel/share/common-lisp/ros/landmarks_msg/msg/Landmark_Msg.lisp
Symlinking /home/mtrx5700/Documents/University/MTRX5700/MTRX5700_Ass_3/devel/share/common-lisp/ros/landmarks_msg/msg/landmarks_msg-msg.asd
Symlinking /home/mtrx5700/Documents/University/MTRX5700/MTRX5700_Ass_3/devel/share/common-lisp/ros/landmarks_msg/msg/_package_Landmark_Msg.lisp
Symlinking /home/mtrx5700/Documents/University/MTRX5700/MTRX5700_Ass_3/devel/share/common-lisp/ros/landmarks_msg/msg/_package_Landmarks_Msg.lisp
Symlinking /home/mtrx5700/Documents/University/MTRX5700/MTRX5700_Ass_3/devel/share/landmarks_msg/cmake/landmarks_msgConfig-version.cmake
Symlinking /home/mtrx5700/Documents/University/MTRX5700/MTRX5700_Ass_3/devel/share/landmarks_msg/cmake/landmarks_msg-msg-paths.cmake
Symlinking /home/mtrx5700/Documents/University/MTRX5700/MTRX5700_Ass_3/devel/share/landmarks_msg/cmake/landmarks_msgConfig.cmake
Symlinking /home/mtrx5700/Documents/University/MTRX5700/MTRX5700_Ass_3/devel/share/landmarks_msg/cmake/landmarks_msg-msg-extras.cmake
