[01m[K/home/mtrx5700/Desktop/MTRX5700/MTRX5700_Ass_3/src/icp/src/get_laser_data.cpp:[m[K In constructor ‘[01m[KLaserScanReceiver::LaserScanReceiver(ros::NodeHandle, std::__cxx11::string, std::__cxx11::string)[m[K’:
[01m[K/home/mtrx5700/Desktop/MTRX5700/MTRX5700_Ass_3/src/icp/src/get_laser_data.cpp:70:84:[m[K [01;31m[Kerror: [m[Kinvalid use of non-static member function ‘[01m[Kvoid LaserScanReceiver::odomCallback(const OdometryConstPtr&)[m[K’
           odom_sub = node.subscribe<nav_msgs::Odometry>("/odom", 1000, odomCallback[01;31m[K)[m[K;
                                                                                    [01;31m[K^[m[K
[01m[K/home/mtrx5700/Desktop/MTRX5700/MTRX5700_Ass_3/src/icp/src/get_laser_data.cpp:102:11:[m[K [01;36m[Knote: [m[Kdeclared here
      void [01;36m[KodomCallback[m[K(const nav_msgs::OdometryConstPtr &odom_msg)
           [01;36m[K^~~~~~~~~~~~[m[K
In file included from [01m[K/usr/include/pcl-1.8/pcl/sample_consensus/sac_model.h:52:0[m[K,
                 from [01m[K/usr/include/pcl-1.8/pcl/sample_consensus/sac.h:45[m[K,
                 from [01m[K/usr/include/pcl-1.8/pcl/sample_consensus/ransac.h:44[m[K,
                 from [01m[K/usr/include/pcl-1.8/pcl/registration/icp.h:45[m[K,
                 from [01m[K/home/mtrx5700/Desktop/MTRX5700/MTRX5700_Ass_3/src/icp/src/get_laser_data.cpp:20[m[K:
[01m[K/usr/include/pcl-1.8/pcl/sample_consensus/model_types.h:[m[K In function ‘[01m[Kvoid __static_initialization_and_destruction_0(int, int)[m[K’:
[01m[K/usr/include/pcl-1.8/pcl/sample_consensus/model_types.h:99:3:[m[K [01;35m[Kwarning: [m[K‘[01m[Kpcl::SAC_SAMPLE_SIZE[m[K’ is deprecated: This map is deprecated and is kept only to prevent breaking existing user code. Starting from PCL 1.8.0 model sample size is a protected member of the SampleConsensusModel class [[01;35m[K-Wdeprecated-declarations[m[K]
   [01;35m[KSAC_SAMPLE_SIZE[m[K (sample_size_pairs, sample_size_pairs + sizeof (sample_size_pairs) / sizeof (SampleSizeModel));
   [01;35m[K^~~~~~~~~~~~~~~[m[K
[01m[K/usr/include/pcl-1.8/pcl/sample_consensus/model_types.h:99:3:[m[K [01;36m[Knote: [m[Kdeclared here
make[2]: *** [CMakeFiles/get_laser_data.dir/src/get_laser_data.cpp.o] Error 1
make[1]: *** [CMakeFiles/get_laser_data.dir/all] Error 2
make: *** [all] Error 2
