In file included from [01m[K/opt/ros/melodic/include/ros/serialization.h:37:0[m[K,
                 from [01m[K/opt/ros/melodic/include/ros/publisher.h:34[m[K,
                 from [01m[K/opt/ros/melodic/include/ros/node_handle.h:32[m[K,
                 from [01m[K/opt/ros/melodic/include/ros/ros.h:45[m[K,
                 from [01m[K/home/mtrx5700/Desktop/MTRX5700/MTRX5700_Ass_3/src/icp/src/get_laser_data.cpp:1[m[K:
/opt/ros/melodic/include/ros/message_traits.h: In instantiation of ‘[01m[Kstatic const char* ros::message_traits::MD5Sum<M>::value(const M&) [with M = Eigen::Matrix<float, 4, 4>][m[K’:
[01m[K/opt/ros/melodic/include/ros/message_traits.h:254:102:[m[K   required from ‘[01m[Kconst char* ros::message_traits::md5sum(const M&) [with M = Eigen::Matrix<float, 4, 4>][m[K’
[01m[K/opt/ros/melodic/include/ros/publisher.h:113:7:[m[K   required from ‘[01m[Kvoid ros::Publisher::publish(const M&) const [with M = Eigen::Matrix<float, 4, 4>][m[K’
[01m[K/home/mtrx5700/Desktop/MTRX5700/MTRX5700_Ass_3/src/icp/src/get_laser_data.cpp:114:54:[m[K   required from here
[01m[K/opt/ros/melodic/include/ros/message_traits.h:125:14:[m[K [01;31m[Kerror: [m[K‘[01m[Kconst class Eigen::Matrix<float, 4, 4>[m[K’ has no member named ‘[01m[K__getMD5Sum[m[K’
     return [01;31m[Km.__getMD5Sum[m[K().c_str();
            [01;31m[K~~^~~~~~~~~~~[m[K
/opt/ros/melodic/include/ros/message_traits.h: In instantiation of ‘[01m[Kstatic const char* ros::message_traits::DataType<M>::value(const M&) [with M = Eigen::Matrix<float, 4, 4>][m[K’:
[01m[K/opt/ros/melodic/include/ros/message_traits.h:263:104:[m[K   required from ‘[01m[Kconst char* ros::message_traits::datatype(const M&) [with M = Eigen::Matrix<float, 4, 4>][m[K’
[01m[K/opt/ros/melodic/include/ros/publisher.h:113:7:[m[K   required from ‘[01m[Kvoid ros::Publisher::publish(const M&) const [with M = Eigen::Matrix<float, 4, 4>][m[K’
[01m[K/home/mtrx5700/Desktop/MTRX5700/MTRX5700_Ass_3/src/icp/src/get_laser_data.cpp:114:54:[m[K   required from here
[01m[K/opt/ros/melodic/include/ros/message_traits.h:142:14:[m[K [01;31m[Kerror: [m[K‘[01m[Kconst class Eigen::Matrix<float, 4, 4>[m[K’ has no member named ‘[01m[K__getDataType[m[K’
     return [01;31m[Km.__getDataType[m[K().c_str();
            [01;31m[K~~^~~~~~~~~~~~~[m[K
In file included from [01m[K/opt/ros/melodic/include/ros/publisher.h:34:0[m[K,
                 from [01m[K/opt/ros/melodic/include/ros/node_handle.h:32[m[K,
                 from [01m[K/opt/ros/melodic/include/ros/ros.h:45[m[K,
                 from [01m[K/home/mtrx5700/Desktop/MTRX5700/MTRX5700_Ass_3/src/icp/src/get_laser_data.cpp:1[m[K:
/opt/ros/melodic/include/ros/serialization.h: In instantiation of ‘[01m[Kstatic uint32_t ros::serialization::Serializer<T>::serializedLength(typename boost::call_traits<T>::param_type) [with T = Eigen::Matrix<float, 4, 4>; uint32_t = unsigned int; typename boost::call_traits<T>::param_type = const Eigen::Matrix<float, 4, 4>&][m[K’:
[01m[K/opt/ros/melodic/include/ros/serialization.h:172:41:[m[K   required from ‘[01m[Kuint32_t ros::serialization::serializationLength(const T&) [with T = Eigen::Matrix<float, 4, 4>; uint32_t = unsigned int][m[K’
[01m[K/opt/ros/melodic/include/ros/serialization.h:807:37:[m[K   required from ‘[01m[Kros::SerializedMessage ros::serialization::serializeMessage(const M&) [with M = Eigen::Matrix<float, 4, 4>][m[K’
[01m[K/opt/ros/melodic/include/ros/publisher.h:119:26:[m[K   required from ‘[01m[Kvoid ros::Publisher::publish(const M&) const [with M = Eigen::Matrix<float, 4, 4>][m[K’
[01m[K/home/mtrx5700/Desktop/MTRX5700/MTRX5700_Ass_3/src/icp/src/get_laser_data.cpp:114:54:[m[K   required from here
[01m[K/opt/ros/melodic/include/ros/serialization.h:144:14:[m[K [01;31m[Kerror: [m[K‘[01m[Kconst class Eigen::Matrix<float, 4, 4>[m[K’ has no member named ‘[01m[KserializationLength[m[K’
     return [01;31m[Kt.serializationLength[m[K();
            [01;31m[K~~^~~~~~~~~~~~~~~~~~~[m[K
/opt/ros/melodic/include/ros/serialization.h: In instantiation of ‘[01m[Kstatic void ros::serialization::Serializer<T>::write(Stream&, typename boost::call_traits<T>::param_type) [with Stream = ros::serialization::OStream; T = Eigen::Matrix<float, 4, 4>; typename boost::call_traits<T>::param_type = const Eigen::Matrix<float, 4, 4>&][m[K’:
[01m[K/opt/ros/melodic/include/ros/serialization.h:154:23:[m[K   required from ‘[01m[Kvoid ros::serialization::serialize(Stream&, const T&) [with T = Eigen::Matrix<float, 4, 4>; Stream = ros::serialization::OStream][m[K’
[01m[K/opt/ros/melodic/include/ros/serialization.h:814:12:[m[K   required from ‘[01m[Kros::SerializedMessage ros::serialization::serializeMessage(const M&) [with M = Eigen::Matrix<float, 4, 4>][m[K’
[01m[K/opt/ros/melodic/include/ros/publisher.h:119:26:[m[K   required from ‘[01m[Kvoid ros::Publisher::publish(const M&) const [with M = Eigen::Matrix<float, 4, 4>][m[K’
[01m[K/home/mtrx5700/Desktop/MTRX5700/MTRX5700_Ass_3/src/icp/src/get_laser_data.cpp:114:54:[m[K   required from here
[01m[K/opt/ros/melodic/include/ros/serialization.h:127:7:[m[K [01;31m[Kerror: [m[K‘[01m[Kconst class Eigen::Matrix<float, 4, 4>[m[K’ has no member named ‘[01m[Kserialize[m[K’; did you mean ‘[01m[Knormalize[m[K’?
     [01;31m[Kt.serialize[m[K(stream.getData(), 0);
     [01;31m[K~~^~~~~~~~~[m[K
     [32m[Knormalize[m[K
In file included from [01m[K/usr/include/pcl-1.8/pcl/sample_consensus/sac_model.h:52:0[m[K,
                 from [01m[K/usr/include/pcl-1.8/pcl/sample_consensus/sac.h:45[m[K,
                 from [01m[K/usr/include/pcl-1.8/pcl/sample_consensus/ransac.h:44[m[K,
                 from [01m[K/usr/include/pcl-1.8/pcl/registration/icp.h:45[m[K,
                 from [01m[K/home/mtrx5700/Desktop/MTRX5700/MTRX5700_Ass_3/src/icp/src/get_laser_data.cpp:17[m[K:
[01m[K/usr/include/pcl-1.8/pcl/sample_consensus/model_types.h:[m[K In function ‘[01m[Kvoid __static_initialization_and_destruction_0(int, int)[m[K’:
[01m[K/usr/include/pcl-1.8/pcl/sample_consensus/model_types.h:99:3:[m[K [01;35m[Kwarning: [m[K‘[01m[Kpcl::SAC_SAMPLE_SIZE[m[K’ is deprecated: This map is deprecated and is kept only to prevent breaking existing user code. Starting from PCL 1.8.0 model sample size is a protected member of the SampleConsensusModel class [[01;35m[K-Wdeprecated-declarations[m[K]
   [01;35m[KSAC_SAMPLE_SIZE[m[K (sample_size_pairs, sample_size_pairs + sizeof (sample_size_pairs) / sizeof (SampleSizeModel));
   [01;35m[K^~~~~~~~~~~~~~~[m[K
[01m[K/usr/include/pcl-1.8/pcl/sample_consensus/model_types.h:99:3:[m[K [01;36m[Knote: [m[Kdeclared here
make[2]: *** [CMakeFiles/get_laser_data.dir/src/get_laser_data.cpp.o] Error 1
make[1]: *** [CMakeFiles/get_laser_data.dir/all] Error 2
make: *** [all] Error 2
