[ 28%] Built target quaternion_to_rotation_matrix
[ 71%] Built target icp_main
[35m[1mScanning dependencies of target get_laser_data[0m
[ 85%] [32mBuilding CXX object CMakeFiles/get_laser_data.dir/src/get_laser_data.cpp.o[0m
In file included from [01m[K/usr/include/boost/function/detail/maybe_include.hpp:18:0[m[K,
                 from [01m[K/usr/include/boost/function/detail/function_iterate.hpp:14[m[K,
                 from [01m[K/usr/include/boost/preprocessor/iteration/detail/iter/forward1.hpp:52[m[K,
                 from [01m[K/usr/include/boost/function.hpp:64[m[K,
                 from [01m[K/opt/ros/melodic/include/ros/forwards.h:40[m[K,
                 from [01m[K/opt/ros/melodic/include/ros/common.h:37[m[K,
                 from [01m[K/opt/ros/melodic/include/ros/ros.h:43[m[K,
                 from [01m[K/home/mtrx5700/Desktop/MTRX5700/MTRX5700_Ass_3/src/icp/src/get_laser_data.cpp:1[m[K:
/usr/include/boost/function/function_template.hpp: In instantiation of ‘[01m[Kstatic void boost::detail::function::function_void_mem_invoker1<MemberPtr, R, T0>::invoke(boost::detail::function::function_buffer&, T0) [with MemberPtr = void (LaserScanReceiver::*)(const boost::shared_ptr<const nav_msgs::Odometry_<std::allocator<void> > >&); R = void; T0 = const boost::shared_ptr<const nav_msgs::Odometry_<std::allocator<void> > >&][m[K’:
[01m[K/usr/include/boost/function/function_template.hpp:925:38:[m[K   required from ‘[01m[Kvoid boost::function1<R, T1>::assign_to(Functor) [with Functor = void (LaserScanReceiver::*)(const boost::shared_ptr<const nav_msgs::Odometry_<std::allocator<void> > >&); R = void; T0 = const boost::shared_ptr<const nav_msgs::Odometry_<std::allocator<void> > >&][m[K’
[01m[K/usr/include/boost/function/function_template.hpp:716:7:[m[K   required from ‘[01m[Kboost::function1<R, T1>::function1(Functor, typename boost::enable_if_c<(! boost::is_integral<Functor>::value), int>::type) [with Functor = void (LaserScanReceiver::*)(const boost::shared_ptr<const nav_msgs::Odometry_<std::allocator<void> > >&); R = void; T0 = const boost::shared_ptr<const nav_msgs::Odometry_<std::allocator<void> > >&; typename boost::enable_if_c<(! boost::is_integral<Functor>::value), int>::type = int][m[K’
[01m[K/usr/include/boost/function/function_template.hpp:1061:16:[m[K   required from ‘[01m[Kboost::function<R(T0)>::function(Functor, typename boost::enable_if_c<(! boost::is_integral<Functor>::value), int>::type) [with Functor = void (LaserScanReceiver::*)(const boost::shared_ptr<const nav_msgs::Odometry_<std::allocator<void> > >&); R = void; T0 = const boost::shared_ptr<const nav_msgs::Odometry_<std::allocator<void> > >&; typename boost::enable_if_c<(! boost::is_integral<Functor>::value), int>::type = int][m[K’
[01m[K/home/mtrx5700/Desktop/MTRX5700/MTRX5700_Ass_3/src/icp/src/get_laser_data.cpp:67:103:[m[K   required from here
[01m[K/usr/include/boost/function/function_template.hpp:231:11:[m[K [01;31m[Kerror: [m[Kno match for call to ‘[01m[K(boost::_mfi::mf1<void, LaserScanReceiver, const boost::shared_ptr<const nav_msgs::Odometry_<std::allocator<void> > >&>) (const boost::shared_ptr<const nav_msgs::Odometry_<std::allocator<void> > >&)[m[K’
           [01;31m[KB[m[KOOST_FUNCTION_RETURN(boost::mem_fn(*f)(BOOST_FUNCTION_ARGS));
           [01;31m[K^[m[K
In file included from [01m[K/usr/include/boost/bind/mem_fn.hpp:215:0[m[K,
                 from [01m[K/usr/include/boost/mem_fn.hpp:22[m[K,
                 from [01m[K/usr/include/boost/function/detail/prologue.hpp:18[m[K,
                 from [01m[K/usr/include/boost/function.hpp:24[m[K,
                 from [01m[K/opt/ros/melodic/include/ros/forwards.h:40[m[K,
                 from [01m[K/opt/ros/melodic/include/ros/common.h:37[m[K,
                 from [01m[K/opt/ros/melodic/include/ros/ros.h:43[m[K,
                 from [01m[K/home/mtrx5700/Desktop/MTRX5700/MTRX5700_Ass_3/src/icp/src/get_laser_data.cpp:1[m[K:
[01m[K/usr/include/boost/bind/mem_fn_template.hpp:163:7:[m[K [01;36m[Knote: [m[Kcandidate: R boost::_mfi::mf1<R, T, A1>::operator()(T*, A1) const [with R = void; T = LaserScanReceiver; A1 = const boost::shared_ptr<const nav_msgs::Odometry_<std::allocator<void> > >&]
     R [01;36m[Koperator[m[K()(T * p, A1 a1) const
       [01;36m[K^~~~~~~~[m[K
[01m[K/usr/include/boost/bind/mem_fn_template.hpp:163:7:[m[K [01;36m[Knote: [m[K  candidate expects 2 arguments, 1 provided
[01m[K/usr/include/boost/bind/mem_fn_template.hpp:168:25:[m[K [01;36m[Knote: [m[Kcandidate: template<class U> R boost::_mfi::mf1<R, T, A1>::operator()(U&, A1) const [with U = U; R = void; T = LaserScanReceiver; A1 = const boost::shared_ptr<const nav_msgs::Odometry_<std::allocator<void> > >&]
     template<class U> R [01;36m[Koperator[m[K()(U & u, A1 a1) const
                         [01;36m[K^~~~~~~~[m[K
[01m[K/usr/include/boost/bind/mem_fn_template.hpp:168:25:[m[K [01;36m[Knote: [m[K  template argument deduction/substitution failed:
In file included from [01m[K/usr/include/boost/function/detail/maybe_include.hpp:18:0[m[K,
                 from [01m[K/usr/include/boost/function/detail/function_iterate.hpp:14[m[K,
                 from [01m[K/usr/include/boost/preprocessor/iteration/detail/iter/forward1.hpp:52[m[K,
                 from [01m[K/usr/include/boost/function.hpp:64[m[K,
                 from [01m[K/opt/ros/melodic/include/ros/forwards.h:40[m[K,
                 from [01m[K/opt/ros/melodic/include/ros/common.h:37[m[K,
                 from [01m[K/opt/ros/melodic/include/ros/ros.h:43[m[K,
                 from [01m[K/home/mtrx5700/Desktop/MTRX5700/MTRX5700_Ass_3/src/icp/src/get_laser_data.cpp:1[m[K:
[01m[K/usr/include/boost/function/function_template.hpp:231:11:[m[K [01;36m[Knote: [m[K  candidate expects 2 arguments, 1 provided
           [01;36m[KB[m[KOOST_FUNCTION_RETURN(boost::mem_fn(*f)(BOOST_FUNCTION_ARGS));
           [01;36m[K^[m[K
In file included from [01m[K/usr/include/boost/bind/mem_fn.hpp:215:0[m[K,
                 from [01m[K/usr/include/boost/mem_fn.hpp:22[m[K,
                 from [01m[K/usr/include/boost/function/detail/prologue.hpp:18[m[K,
                 from [01m[K/usr/include/boost/function.hpp:24[m[K,
                 from [01m[K/opt/ros/melodic/include/ros/forwards.h:40[m[K,
                 from [01m[K/opt/ros/melodic/include/ros/common.h:37[m[K,
                 from [01m[K/opt/ros/melodic/include/ros/ros.h:43[m[K,
                 from [01m[K/home/mtrx5700/Desktop/MTRX5700/MTRX5700_Ass_3/src/icp/src/get_laser_data.cpp:1[m[K:
[01m[K/usr/include/boost/bind/mem_fn_template.hpp:176:25:[m[K [01;36m[Knote: [m[Kcandidate: template<class U> R boost::_mfi::mf1<R, T, A1>::operator()(const U&, A1) const [with U = U; R = void; T = LaserScanReceiver; A1 = const boost::shared_ptr<const nav_msgs::Odometry_<std::allocator<void> > >&]
     template<class U> R [01;36m[Koperator[m[K()(U const & u, A1 a1) const
                         [01;36m[K^~~~~~~~[m[K
[01m[K/usr/include/boost/bind/mem_fn_template.hpp:176:25:[m[K [01;36m[Knote: [m[K  template argument deduction/substitution failed:
In file included from [01m[K/usr/include/boost/function/detail/maybe_include.hpp:18:0[m[K,
                 from [01m[K/usr/include/boost/function/detail/function_iterate.hpp:14[m[K,
                 from [01m[K/usr/include/boost/preprocessor/iteration/detail/iter/forward1.hpp:52[m[K,
                 from [01m[K/usr/include/boost/function.hpp:64[m[K,
                 from [01m[K/opt/ros/melodic/include/ros/forwards.h:40[m[K,
                 from [01m[K/opt/ros/melodic/include/ros/common.h:37[m[K,
                 from [01m[K/opt/ros/melodic/include/ros/ros.h:43[m[K,
                 from [01m[K/home/mtrx5700/Desktop/MTRX5700/MTRX5700_Ass_3/src/icp/src/get_laser_data.cpp:1[m[K:
[01m[K/usr/include/boost/function/function_template.hpp:231:11:[m[K [01;36m[Knote: [m[K  candidate expects 2 arguments, 1 provided
           [01;36m[KB[m[KOOST_FUNCTION_RETURN(boost::mem_fn(*f)(BOOST_FUNCTION_ARGS));
           [01;36m[K^[m[K
In file included from [01m[K/usr/include/boost/bind/mem_fn.hpp:215:0[m[K,
                 from [01m[K/usr/include/boost/mem_fn.hpp:22[m[K,
                 from [01m[K/usr/include/boost/function/detail/prologue.hpp:18[m[K,
                 from [01m[K/usr/include/boost/function.hpp:24[m[K,
                 from [01m[K/opt/ros/melodic/include/ros/forwards.h:40[m[K,
                 from [01m[K/opt/ros/melodic/include/ros/common.h:37[m[K,
                 from [01m[K/opt/ros/melodic/include/ros/ros.h:43[m[K,
                 from [01m[K/home/mtrx5700/Desktop/MTRX5700/MTRX5700_Ass_3/src/icp/src/get_laser_data.cpp:1[m[K:
[01m[K/usr/include/boost/bind/mem_fn_template.hpp:184:7:[m[K [01;36m[Knote: [m[Kcandidate: R boost::_mfi::mf1<R, T, A1>::operator()(T&, A1) const [with R = void; T = LaserScanReceiver; A1 = const boost::shared_ptr<const nav_msgs::Odometry_<std::allocator<void> > >&]
     R [01;36m[Koperator[m[K()(T & t, A1 a1) const
       [01;36m[K^~~~~~~~[m[K
[01m[K/usr/include/boost/bind/mem_fn_template.hpp:184:7:[m[K [01;36m[Knote: [m[K  candidate expects 2 arguments, 1 provided
In file included from [01m[K/usr/include/pcl-1.8/pcl/sample_consensus/sac_model.h:52:0[m[K,
                 from [01m[K/usr/include/pcl-1.8/pcl/sample_consensus/sac.h:45[m[K,
                 from [01m[K/usr/include/pcl-1.8/pcl/sample_consensus/ransac.h:44[m[K,
                 from [01m[K/usr/include/pcl-1.8/pcl/registration/icp.h:45[m[K,
                 from [01m[K/home/mtrx5700/Desktop/MTRX5700/MTRX5700_Ass_3/src/icp/src/get_laser_data.cpp:20[m[K:
[01m[K/usr/include/pcl-1.8/pcl/sample_consensus/model_types.h:[m[K In function ‘[01m[Kvoid __static_initialization_and_destruction_0(int, int)[m[K’:
[01m[K/usr/include/pcl-1.8/pcl/sample_consensus/model_types.h:99:3:[m[K [01;35m[Kwarning: [m[K‘[01m[Kpcl::SAC_SAMPLE_SIZE[m[K’ is deprecated: This map is deprecated and is kept only to prevent breaking existing user code. Starting from PCL 1.8.0 model sample size is a protected member of the SampleConsensusModel class [[01;35m[K-Wdeprecated-declarations[m[K]
   [01;35m[KSAC_SAMPLE_SIZE[m[K (sample_size_pairs, sample_size_pairs + sizeof (sample_size_pairs) / sizeof (SampleSizeModel));
   [01;35m[K^~~~~~~~~~~~~~~[m[K
[01m[K/usr/include/pcl-1.8/pcl/sample_consensus/model_types.h:99:3:[m[K [01;36m[Knote: [m[Kdeclared here
CMakeFiles/get_laser_data.dir/build.make:62: recipe for target 'CMakeFiles/get_laser_data.dir/src/get_laser_data.cpp.o' failed
make[2]: *** [CMakeFiles/get_laser_data.dir/src/get_laser_data.cpp.o] Error 1
make[1]: *** [CMakeFiles/get_laser_data.dir/all] Error 2
CMakeFiles/Makefile2:1389: recipe for target 'CMakeFiles/get_laser_data.dir/all' failed
Makefile:140: recipe for target 'all' failed
make: *** [all] Error 2
