In file included from [01m[K/opt/ros/melodic/include/ros/serialization.h:37:0[m[K,
                 from [01m[K/opt/ros/melodic/include/ros/publisher.h:34[m[K,
                 from [01m[K/opt/ros/melodic/include/ros/node_handle.h:32[m[K,
                 from [01m[K/opt/ros/melodic/include/ros/ros.h:45[m[K,
                 from [01m[K/home/mtrx5700/Desktop/MTRX5700/MTRX5700_Ass_3/src/icp/src/get_laser_data.cpp:1[m[K:
/opt/ros/melodic/include/ros/message_traits.h: In instantiation of ‘[01m[Kstatic const char* ros::message_traits::MD5Sum<M>::value(const M&) [with M = pcl::PointCloud<pcl::PointXYZ>][m[K’:
[01m[K/opt/ros/melodic/include/ros/message_traits.h:254:102:[m[K   required from ‘[01m[Kconst char* ros::message_traits::md5sum(const M&) [with M = pcl::PointCloud<pcl::PointXYZ>][m[K’
[01m[K/opt/ros/melodic/include/ros/publisher.h:80:7:[m[K   required from ‘[01m[Kvoid ros::Publisher::publish(const boost::shared_ptr<X>&) const [with M = pcl::PointCloud<pcl::PointXYZ>][m[K’
[01m[K/home/mtrx5700/Desktop/MTRX5700/MTRX5700_Ass_3/src/icp/src/get_laser_data.cpp:147:54:[m[K   required from here
[01m[K/opt/ros/melodic/include/ros/message_traits.h:125:14:[m[K [01;31m[Kerror: [m[K‘[01m[Kconst class pcl::PointCloud<pcl::PointXYZ>[m[K’ has no member named ‘[01m[K__getMD5Sum[m[K’
     return [01;31m[Km.__getMD5Sum[m[K().c_str();
            [01;31m[K~~^~~~~~~~~~~[m[K
/opt/ros/melodic/include/ros/message_traits.h: In instantiation of ‘[01m[Kstatic const char* ros::message_traits::DataType<M>::value(const M&) [with M = pcl::PointCloud<pcl::PointXYZ>][m[K’:
[01m[K/opt/ros/melodic/include/ros/message_traits.h:263:104:[m[K   required from ‘[01m[Kconst char* ros::message_traits::datatype(const M&) [with M = pcl::PointCloud<pcl::PointXYZ>][m[K’
[01m[K/opt/ros/melodic/include/ros/publisher.h:80:7:[m[K   required from ‘[01m[Kvoid ros::Publisher::publish(const boost::shared_ptr<X>&) const [with M = pcl::PointCloud<pcl::PointXYZ>][m[K’
[01m[K/home/mtrx5700/Desktop/MTRX5700/MTRX5700_Ass_3/src/icp/src/get_laser_data.cpp:147:54:[m[K   required from here
[01m[K/opt/ros/melodic/include/ros/message_traits.h:142:14:[m[K [01;31m[Kerror: [m[K‘[01m[Kconst class pcl::PointCloud<pcl::PointXYZ>[m[K’ has no member named ‘[01m[K__getDataType[m[K’
     return [01;31m[Km.__getDataType[m[K().c_str();
            [01;31m[K~~^~~~~~~~~~~~~[m[K
/opt/ros/melodic/include/ros/message_traits.h: In instantiation of ‘[01m[Kstatic const char* ros::message_traits::MD5Sum<M>::value() [with M = pcl::PointXYZ][m[K’:
[01m[K/opt/ros/melodic/include/ros/message_traits.h:227:102:[m[K   required from ‘[01m[Kconst char* ros::message_traits::md5sum() [with M = pcl::PointXYZ][m[K’
[01m[K/opt/ros/melodic/include/ros/advertise_options.h:92:39:[m[K   required from ‘[01m[Kvoid ros::AdvertiseOptions::init(const string&, uint32_t, const SubscriberStatusCallback&, const SubscriberStatusCallback&) [with M = pcl::PointXYZ; std::__cxx11::string = std::__cxx11::basic_string<char>; uint32_t = unsigned int; ros::SubscriberStatusCallback = boost::function<void(const ros::SingleSubscriberPublisher&)>][m[K’
[01m[K/opt/ros/melodic/include/ros/node_handle.h:252:7:[m[K   required from ‘[01m[Kros::Publisher ros::NodeHandle::advertise(const string&, uint32_t, bool) [with M = pcl::PointXYZ; std::__cxx11::string = std::__cxx11::basic_string<char>; uint32_t = unsigned int][m[K’
[01m[K/home/mtrx5700/Desktop/MTRX5700/MTRX5700_Ass_3/src/icp/src/get_laser_data.cpp:67:83:[m[K   required from here
[01m[K/opt/ros/melodic/include/ros/message_traits.h:120:28:[m[K [01;31m[Kerror: [m[K‘[01m[K__s_getMD5Sum[m[K’ is not a member of ‘[01m[Kpcl::PointXYZ[m[K’
     return [01;31m[KM::__s_getMD5Sum()[m[K.c_str();
            [01;31m[K~~~~~~~~~~~~~~~~^~[m[K
/opt/ros/melodic/include/ros/message_traits.h: In instantiation of ‘[01m[Kstatic const char* ros::message_traits::DataType<M>::value() [with M = pcl::PointXYZ][m[K’:
[01m[K/opt/ros/melodic/include/ros/message_traits.h:236:104:[m[K   required from ‘[01m[Kconst char* ros::message_traits::datatype() [with M = pcl::PointXYZ][m[K’
[01m[K/opt/ros/melodic/include/ros/advertise_options.h:93:43:[m[K   required from ‘[01m[Kvoid ros::AdvertiseOptions::init(const string&, uint32_t, const SubscriberStatusCallback&, const SubscriberStatusCallback&) [with M = pcl::PointXYZ; std::__cxx11::string = std::__cxx11::basic_string<char>; uint32_t = unsigned int; ros::SubscriberStatusCallback = boost::function<void(const ros::SingleSubscriberPublisher&)>][m[K’
[01m[K/opt/ros/melodic/include/ros/node_handle.h:252:7:[m[K   required from ‘[01m[Kros::Publisher ros::NodeHandle::advertise(const string&, uint32_t, bool) [with M = pcl::PointXYZ; std::__cxx11::string = std::__cxx11::basic_string<char>; uint32_t = unsigned int][m[K’
[01m[K/home/mtrx5700/Desktop/MTRX5700/MTRX5700_Ass_3/src/icp/src/get_laser_data.cpp:67:83:[m[K   required from here
[01m[K/opt/ros/melodic/include/ros/message_traits.h:137:30:[m[K [01;31m[Kerror: [m[K‘[01m[K__s_getDataType[m[K’ is not a member of ‘[01m[Kpcl::PointXYZ[m[K’
     return [01;31m[KM::__s_getDataType()[m[K.c_str();
            [01;31m[K~~~~~~~~~~~~~~~~~~^~[m[K
/opt/ros/melodic/include/ros/message_traits.h: In instantiation of ‘[01m[Kstatic const char* ros::message_traits::Definition<M>::value() [with M = pcl::PointXYZ][m[K’:
[01m[K/opt/ros/melodic/include/ros/message_traits.h:245:106:[m[K   required from ‘[01m[Kconst char* ros::message_traits::definition() [with M = pcl::PointXYZ][m[K’
[01m[K/opt/ros/melodic/include/ros/advertise_options.h:94:55:[m[K   required from ‘[01m[Kvoid ros::AdvertiseOptions::init(const string&, uint32_t, const SubscriberStatusCallback&, const SubscriberStatusCallback&) [with M = pcl::PointXYZ; std::__cxx11::string = std::__cxx11::basic_string<char>; uint32_t = unsigned int; ros::SubscriberStatusCallback = boost::function<void(const ros::SingleSubscriberPublisher&)>][m[K’
[01m[K/opt/ros/melodic/include/ros/node_handle.h:252:7:[m[K   required from ‘[01m[Kros::Publisher ros::NodeHandle::advertise(const string&, uint32_t, bool) [with M = pcl::PointXYZ; std::__cxx11::string = std::__cxx11::basic_string<char>; uint32_t = unsigned int][m[K’
[01m[K/home/mtrx5700/Desktop/MTRX5700/MTRX5700_Ass_3/src/icp/src/get_laser_data.cpp:67:83:[m[K   required from here
[01m[K/opt/ros/melodic/include/ros/message_traits.h:154:39:[m[K [01;31m[Kerror: [m[K‘[01m[K__s_getMessageDefinition[m[K’ is not a member of ‘[01m[Kpcl::PointXYZ[m[K’
     return [01;31m[KM::__s_getMessageDefinition()[m[K.c_str();
            [01;31m[K~~~~~~~~~~~~~~~~~~~~~~~~~~~^~[m[K
In file included from [01m[K/opt/ros/melodic/include/ros/publisher.h:34:0[m[K,
                 from [01m[K/opt/ros/melodic/include/ros/node_handle.h:32[m[K,
                 from [01m[K/opt/ros/melodic/include/ros/ros.h:45[m[K,
                 from [01m[K/home/mtrx5700/Desktop/MTRX5700/MTRX5700_Ass_3/src/icp/src/get_laser_data.cpp:1[m[K:
/opt/ros/melodic/include/ros/serialization.h: In instantiation of ‘[01m[Kstatic uint32_t ros::serialization::Serializer<T>::serializedLength(typename boost::call_traits<T>::param_type) [with T = pcl::PointCloud<pcl::PointXYZ>; uint32_t = unsigned int; typename boost::call_traits<T>::param_type = const pcl::PointCloud<pcl::PointXYZ>&][m[K’:
[01m[K/opt/ros/melodic/include/ros/serialization.h:172:41:[m[K   required from ‘[01m[Kuint32_t ros::serialization::serializationLength(const T&) [with T = pcl::PointCloud<pcl::PointXYZ>; uint32_t = unsigned int][m[K’
[01m[K/opt/ros/melodic/include/ros/serialization.h:807:37:[m[K   required from ‘[01m[Kros::SerializedMessage ros::serialization::serializeMessage(const M&) [with M = pcl::PointCloud<pcl::PointXYZ>][m[K’
[01m[K/opt/ros/melodic/include/ros/publisher.h:89:26:[m[K   required from ‘[01m[Kvoid ros::Publisher::publish(const boost::shared_ptr<X>&) const [with M = pcl::PointCloud<pcl::PointXYZ>][m[K’
[01m[K/home/mtrx5700/Desktop/MTRX5700/MTRX5700_Ass_3/src/icp/src/get_laser_data.cpp:147:54:[m[K   required from here
[01m[K/opt/ros/melodic/include/ros/serialization.h:144:14:[m[K [01;31m[Kerror: [m[K‘[01m[Kconst class pcl::PointCloud<pcl::PointXYZ>[m[K’ has no member named ‘[01m[KserializationLength[m[K’
     return [01;31m[Kt.serializationLength[m[K();
            [01;31m[K~~^~~~~~~~~~~~~~~~~~~[m[K
/opt/ros/melodic/include/ros/serialization.h: In instantiation of ‘[01m[Kstatic void ros::serialization::Serializer<T>::write(Stream&, typename boost::call_traits<T>::param_type) [with Stream = ros::serialization::OStream; T = pcl::PointCloud<pcl::PointXYZ>; typename boost::call_traits<T>::param_type = const pcl::PointCloud<pcl::PointXYZ>&][m[K’:
[01m[K/opt/ros/melodic/include/ros/serialization.h:154:23:[m[K   required from ‘[01m[Kvoid ros::serialization::serialize(Stream&, const T&) [with T = pcl::PointCloud<pcl::PointXYZ>; Stream = ros::serialization::OStream][m[K’
[01m[K/opt/ros/melodic/include/ros/serialization.h:814:12:[m[K   required from ‘[01m[Kros::SerializedMessage ros::serialization::serializeMessage(const M&) [with M = pcl::PointCloud<pcl::PointXYZ>][m[K’
[01m[K/opt/ros/melodic/include/ros/publisher.h:89:26:[m[K   required from ‘[01m[Kvoid ros::Publisher::publish(const boost::shared_ptr<X>&) const [with M = pcl::PointCloud<pcl::PointXYZ>][m[K’
[01m[K/home/mtrx5700/Desktop/MTRX5700/MTRX5700_Ass_3/src/icp/src/get_laser_data.cpp:147:54:[m[K   required from here
[01m[K/opt/ros/melodic/include/ros/serialization.h:127:7:[m[K [01;31m[Kerror: [m[K‘[01m[Kconst class pcl::PointCloud<pcl::PointXYZ>[m[K’ has no member named ‘[01m[Kserialize[m[K’; did you mean ‘[01m[KisOrganized[m[K’?
     [01;31m[Kt.serialize[m[K(stream.getData(), 0);
     [01;31m[K~~^~~~~~~~~[m[K
     [32m[KisOrganized[m[K
In file included from [01m[K/usr/include/pcl-1.8/pcl/sample_consensus/sac_model.h:52:0[m[K,
                 from [01m[K/usr/include/pcl-1.8/pcl/sample_consensus/sac.h:45[m[K,
                 from [01m[K/usr/include/pcl-1.8/pcl/sample_consensus/ransac.h:44[m[K,
                 from [01m[K/usr/include/pcl-1.8/pcl/registration/icp.h:45[m[K,
                 from [01m[K/home/mtrx5700/Desktop/MTRX5700/MTRX5700_Ass_3/src/icp/src/get_laser_data.cpp:17[m[K:
[01m[K/usr/include/pcl-1.8/pcl/sample_consensus/model_types.h:[m[K In function ‘[01m[Kvoid __static_initialization_and_destruction_0(int, int)[m[K’:
[01m[K/usr/include/pcl-1.8/pcl/sample_consensus/model_types.h:99:3:[m[K [01;35m[Kwarning: [m[K‘[01m[Kpcl::SAC_SAMPLE_SIZE[m[K’ is deprecated: This map is deprecated and is kept only to prevent breaking existing user code. Starting from PCL 1.8.0 model sample size is a protected member of the SampleConsensusModel class [[01;35m[K-Wdeprecated-declarations[m[K]
   [01;35m[KSAC_SAMPLE_SIZE[m[K (sample_size_pairs, sample_size_pairs + sizeof (sample_size_pairs) / sizeof (SampleSizeModel));
   [01;35m[K^~~~~~~~~~~~~~~[m[K
[01m[K/usr/include/pcl-1.8/pcl/sample_consensus/model_types.h:99:3:[m[K [01;36m[Knote: [m[Kdeclared here
make[2]: *** [CMakeFiles/get_laser_data.dir/src/get_laser_data.cpp.o] Error 1
make[1]: *** [CMakeFiles/get_laser_data.dir/all] Error 2
make: *** [all] Error 2
