Determining if the pthread_create exist failed with the following output:
Change Dir: /home/mtrx5700/Documents/University/MTRX5700/MTRX5700_Ass_3/build/gmapping/CMakeFiles/CMakeTmp

Run Build Command:"/usr/bin/make" "cmTC_bd8fb/fast"
/usr/bin/make -f CMakeFiles/cmTC_bd8fb.dir/build.make CMakeFiles/cmTC_bd8fb.dir/build
make[1]: Entering directory '/home/mtrx5700/Documents/University/MTRX5700/MTRX5700_Ass_3/build/gmapping/CMakeFiles/CMakeTmp'
Building C object CMakeFiles/cmTC_bd8fb.dir/CheckSymbolExists.c.o
/usr/bin/cc    -o CMakeFiles/cmTC_bd8fb.dir/CheckSymbolExists.c.o   -c /home/mtrx5700/Documents/University/MTRX5700/MTRX5700_Ass_3/build/gmapping/CMakeFiles/CMakeTmp/CheckSymbolExists.c
Linking C executable cmTC_bd8fb
/usr/bin/cmake -E cmake_link_script CMakeFiles/cmTC_bd8fb.dir/link.txt --verbose=1
/usr/bin/cc      -rdynamic CMakeFiles/cmTC_bd8fb.dir/CheckSymbolExists.c.o  -o cmTC_bd8fb 
CMakeFiles/cmTC_bd8fb.dir/CheckSymbolExists.c.o: In function `main':
CheckSymbolExists.c:(.text+0x1b): undefined reference to `pthread_create'
collect2: error: ld returned 1 exit status
CMakeFiles/cmTC_bd8fb.dir/build.make:97: recipe for target 'cmTC_bd8fb' failed
make[1]: *** [cmTC_bd8fb] Error 1
make[1]: Leaving directory '/home/mtrx5700/Documents/University/MTRX5700/MTRX5700_Ass_3/build/gmapping/CMakeFiles/CMakeTmp'
Makefile:126: recipe for target 'cmTC_bd8fb/fast' failed
make: *** [cmTC_bd8fb/fast] Error 2

File /home/mtrx5700/Documents/University/MTRX5700/MTRX5700_Ass_3/build/gmapping/CMakeFiles/CMakeTmp/CheckSymbolExists.c:
/* */
#include <pthread.h>

int main(int argc, char** argv)
{
  (void)argv;
#ifndef pthread_create
  return ((int*)(&pthread_create))[argc];
#else
  (void)argc;
  return 0;
#endif
}

Determining if the function pthread_create exists in the pthreads failed with the following output:
Change Dir: /home/mtrx5700/Documents/University/MTRX5700/MTRX5700_Ass_3/build/gmapping/CMakeFiles/CMakeTmp

Run Build Command:"/usr/bin/make" "cmTC_8d766/fast"
/usr/bin/make -f CMakeFiles/cmTC_8d766.dir/build.make CMakeFiles/cmTC_8d766.dir/build
make[1]: Entering directory '/home/mtrx5700/Documents/University/MTRX5700/MTRX5700_Ass_3/build/gmapping/CMakeFiles/CMakeTmp'
Building C object CMakeFiles/cmTC_8d766.dir/CheckFunctionExists.c.o
/usr/bin/cc   -DCHECK_FUNCTION_EXISTS=pthread_create   -o CMakeFiles/cmTC_8d766.dir/CheckFunctionExists.c.o   -c /usr/share/cmake-3.10/Modules/CheckFunctionExists.c
Linking C executable cmTC_8d766
/usr/bin/cmake -E cmake_link_script CMakeFiles/cmTC_8d766.dir/link.txt --verbose=1
/usr/bin/cc  -DCHECK_FUNCTION_EXISTS=pthread_create    -rdynamic CMakeFiles/cmTC_8d766.dir/CheckFunctionExists.c.o  -o cmTC_8d766 -lpthreads 
/usr/bin/ld: cannot find -lpthreads
collect2: error: ld returned 1 exit status
CMakeFiles/cmTC_8d766.dir/build.make:97: recipe for target 'cmTC_8d766' failed
make[1]: *** [cmTC_8d766] Error 1
make[1]: Leaving directory '/home/mtrx5700/Documents/University/MTRX5700/MTRX5700_Ass_3/build/gmapping/CMakeFiles/CMakeTmp'
Makefile:126: recipe for target 'cmTC_8d766/fast' failed
make: *** [cmTC_8d766/fast] Error 2


